2026-02-18 20:50:09,761 INFO    StreamThr :20912 [internal.py:wandb_internal():85] W&B internal server running at pid: 20912, started at: 2026-02-18 20:50:09.760653
2026-02-18 20:50:09,763 DEBUG   HandlerThread:20912 [handler.py:handle_request():158] handle_request: status
2026-02-18 20:50:09,765 INFO    WriterThread:20912 [datastore.py:open_for_write():87] open: D:\EdgeFleetcodes\wandb\run-20260218_205009-fhkvqd0q\run-fhkvqd0q.wandb
2026-02-18 20:50:09,766 DEBUG   SenderThread:20912 [sender.py:send():378] send: header
2026-02-18 20:50:09,805 DEBUG   SenderThread:20912 [sender.py:send():378] send: run
2026-02-18 20:50:10,614 ERROR   SenderThread:20912 [internal_api.py:execute():344] 401 response executing GraphQL.
2026-02-18 20:50:10,614 ERROR   SenderThread:20912 [internal_api.py:execute():345] {"errors":[{"message":"user is not logged in","path":["upsertBucket"],"extensions":{"code":"PERMISSION_ERROR"}}],"data":{"upsertBucket":null}}
2026-02-18 20:50:10,630 ERROR   SenderThread:20912 [sender.py:send_run():970] The API key you provided is either invalid or missing.  If the `WANDB_API_KEY` environment variable is set, make sure it is correct. Otherwise, to resolve this issue, you may try running the 'wandb login --relogin' command. If you are using a local server, make sure that you're using the correct hostname. If you're not sure, you can try logging in again using the 'wandb login --relogin --host [hostname]' command.(Error 401: Unauthorized)
Traceback (most recent call last):
  File "D:\EdgeFleetcodes\venv\Lib\site-packages\wandb\sdk\lib\retry.py", line 131, in __call__
    result = self._call_fn(*args, **kwargs)
             ^^^^^^^^^^^^^^^^^^^^^^^^^^^^^^
  File "D:\EdgeFleetcodes\venv\Lib\site-packages\wandb\sdk\internal\internal_api.py", line 340, in execute
    return self.client.execute(*args, **kwargs)  # type: ignore
           ^^^^^^^^^^^^^^^^^^^^^^^^^^^^^^^^^^^^
  File "D:\EdgeFleetcodes\venv\Lib\site-packages\wandb\vendor\gql-0.2.0\wandb_gql\client.py", line 52, in execute
    result = self._get_result(document, *args, **kwargs)
             ^^^^^^^^^^^^^^^^^^^^^^^^^^^^^^^^^^^^^^^^^^^
  File "D:\EdgeFleetcodes\venv\Lib\site-packages\wandb\vendor\gql-0.2.0\wandb_gql\client.py", line 60, in _get_result
    return self.transport.execute(document, *args, **kwargs)
           ^^^^^^^^^^^^^^^^^^^^^^^^^^^^^^^^^^^^^^^^^^^^^^^^^
  File "D:\EdgeFleetcodes\venv\Lib\site-packages\wandb\sdk\lib\gql_request.py", line 59, in execute
    request.raise_for_status()
  File "D:\EdgeFleetcodes\venv\Lib\site-packages\requests\models.py", line 1026, in raise_for_status
    raise HTTPError(http_error_msg, response=self)
requests.exceptions.HTTPError: 401 Client Error: Unauthorized for url: https://api.wandb.ai/graphql

During handling of the above exception, another exception occurred:

Traceback (most recent call last):
  File "D:\EdgeFleetcodes\venv\Lib\site-packages\wandb\sdk\internal\sender.py", line 968, in send_run
    server_run = self._init_run(run, config_value_dict)
                 ^^^^^^^^^^^^^^^^^^^^^^^^^^^^^^^^^^^^^^
  File "D:\EdgeFleetcodes\venv\Lib\site-packages\wandb\sdk\internal\sender.py", line 1013, in _init_run
    server_run, inserted, server_messages = self._api.upsert_run(
                                            ^^^^^^^^^^^^^^^^^^^^^
  File "D:\EdgeFleetcodes\venv\Lib\site-packages\wandb\apis\normalize.py", line 73, in wrapper
    raise err
  File "D:\EdgeFleetcodes\venv\Lib\site-packages\wandb\apis\normalize.py", line 41, in wrapper
    return func(*args, **kwargs)
           ^^^^^^^^^^^^^^^^^^^^^
  File "D:\EdgeFleetcodes\venv\Lib\site-packages\wandb\sdk\internal\internal_api.py", line 2188, in upsert_run
    response = self.gql(
               ^^^^^^^^^
  File "D:\EdgeFleetcodes\venv\Lib\site-packages\wandb\sdk\internal\internal_api.py", line 312, in gql
    ret = self._retry_gql(
          ^^^^^^^^^^^^^^^^
  File "D:\EdgeFleetcodes\venv\Lib\site-packages\wandb\sdk\lib\retry.py", line 147, in __call__
    retry_timedelta_triggered = check_retry_fn(e)
                                ^^^^^^^^^^^^^^^^^
  File "D:\EdgeFleetcodes\venv\Lib\site-packages\wandb\util.py", line 965, in check_retry_fn
    return fallback_retry_fn(e)
           ^^^^^^^^^^^^^^^^^^^^
  File "D:\EdgeFleetcodes\venv\Lib\site-packages\wandb\util.py", line 896, in no_retry_auth
    raise AuthenticationError(
wandb.errors.AuthenticationError: The API key you provided is either invalid or missing.  If the `WANDB_API_KEY` environment variable is set, make sure it is correct. Otherwise, to resolve this issue, you may try running the 'wandb login --relogin' command. If you are using a local server, make sure that you're using the correct hostname. If you're not sure, you can try logging in again using the 'wandb login --relogin --host [hostname]' command.(Error 401: Unauthorized)
2026-02-18 20:50:10,936 DEBUG   HandlerThread:20912 [handler.py:handle_request():158] handle_request: shutdown
2026-02-18 20:50:10,937 INFO    HandlerThread:20912 [handler.py:finish():882] shutting down handler
2026-02-18 20:50:11,646 INFO    SenderThread:20912 [sender.py:finish():1545] shutting down sender
2026-02-18 20:50:11,829 INFO    WriterThread:20912 [datastore.py:close():296] close: D:\EdgeFleetcodes\wandb\run-20260218_205009-fhkvqd0q\run-fhkvqd0q.wandb
